GROUP,PACKAGE,CLASS,INSTRUCTION_MISSED,INSTRUCTION_COVERED,BRANCH_MISSED,BRANCH_COVERED,LINE_MISSED,LINE_COVERED,COMPLEXITY_MISSED,COMPLEXITY_COVERED,METHOD_MISSED,METHOD_COVERED
Proyecto_bootcamp,com.proyecto.bootcamp.web,studentController,4,0,0,0,2,0,2,0,2,0
Proyecto_bootcamp,com.proyecto.bootcamp.bean,Students,3,0,0,0,1,0,1,0,1,0
Proyecto_bootcamp,com.proyecto.bootcamp.bean,Parents,3,0,0,0,1,0,1,0,1,0
Proyecto_bootcamp,com.proyecto.bootcamp,ProyectoBootcampApplication,8,0,0,0,3,0,2,0,2,0
